<?xml version="1.0" encoding="UTF-8"?>
<testng-results ignored="0" total="1" passed="1" failed="0" skipped="0">
  <reporter-output>
  </reporter-output>
  <suite started-at="2025-04-02T12:57:21 IST" name="Default suite" finished-at="2025-04-02T12:57:27 IST" duration-ms="5601">
    <groups>
    </groups>
    <test started-at="2025-04-02T12:57:21 IST" name="Default test" finished-at="2025-04-02T12:57:27 IST" duration-ms="5601">
      <class name="com.shadow.GetShadow">
        <test-method is-config="true" signature="setUp()[pri:0, instance:com.shadow.GetShadow@77fbd92c]" started-at="2025-04-02T12:57:22 IST" name="setUp" finished-at="2025-04-02T12:57:27 IST" duration-ms="5468" status="PASS">
          <reporter-output>
          </reporter-output>
        </test-method> <!-- setUp -->
        <test-method signature="getShadow()[pri:0, instance:com.shadow.GetShadow@77fbd92c]" started-at="2025-04-02T12:57:27 IST" name="getShadow" finished-at="2025-04-02T12:57:27 IST" duration-ms="100" status="PASS">
          <reporter-output>
          </reporter-output>
        </test-method> <!-- getShadow -->
      </class> <!-- com.shadow.GetShadow -->
    </test> <!-- Default test -->
  </suite> <!-- Default suite -->
</testng-results>
